<?xml version="1.0" encoding="UTF-8"?>
<testng-results ignored="0" total="1" passed="1" failed="0" skipped="0">
  <reporter-output>
  </reporter-output>
  <suite started-at="2024-08-05T12:53:25 IST" name="Default suite" finished-at="2024-08-05T12:53:29 IST" duration-ms="4487">
    <groups>
    </groups>
    <test started-at="2024-08-05T12:53:25 IST" name="Default test" finished-at="2024-08-05T12:53:29 IST" duration-ms="4487">
      <class name="com.seleniumfundamental.webtable.TableHeading">
        <test-method is-config="true" signature="startChromeBrowser()[pri:0, instance:com.seleniumfundamental.webtable.TableHeading@2b71e916]" started-at="2024-08-05T12:53:23 IST" name="startChromeBrowser" finished-at="2024-08-05T12:53:25 IST" duration-ms="1719" status="PASS">
          <reporter-output>
          </reporter-output>
        </test-method> <!-- startChromeBrowser -->
        <test-method is-config="true" signature="openUrl()[pri:0, instance:com.seleniumfundamental.webtable.TableHeading@2b71e916]" started-at="2024-08-05T12:53:25 IST" name="openUrl" finished-at="2024-08-05T12:53:29 IST" duration-ms="4338" status="PASS">
          <reporter-output>
          </reporter-output>
        </test-method> <!-- openUrl -->
        <test-method signature="testnumberofrowsandcolumns()[pri:0, instance:com.seleniumfundamental.webtable.TableHeading@2b71e916]" started-at="2024-08-05T12:53:29 IST" name="testnumberofrowsandcolumns" finished-at="2024-08-05T12:53:29 IST" duration-ms="101" status="PASS">
          <reporter-output>
          </reporter-output>
        </test-method> <!-- testnumberofrowsandcolumns -->
        <test-method is-config="true" signature="closeChromeBrowser()[pri:0, instance:com.seleniumfundamental.webtable.TableHeading@2b71e916]" started-at="2024-08-05T12:53:29 IST" name="closeChromeBrowser" finished-at="2024-08-05T12:53:30 IST" duration-ms="168" status="PASS">
          <reporter-output>
          </reporter-output>
        </test-method> <!-- closeChromeBrowser -->
      </class> <!-- com.seleniumfundamental.webtable.TableHeading -->
    </test> <!-- Default test -->
  </suite> <!-- Default suite -->
</testng-results>
